2022-12-16 17:39:56,315 [Worker-8: Loading available Gradle versions] INFO  o.e.b.c.i.u.g.PublishedGradleVersions - Gradle version information cache is up-to-date. Trying to read.
2022-12-16 17:40:29,525 [Worker-3: Updating Maven Dependencies] INFO  o.e.m.c.i.l.LifecycleMappingFactory - Using org.eclipse.m2e.jdt.JarLifecycleMapping lifecycle mapping for MavenProject: ma.emsi:i-Foot:0.0.1-SNAPSHOT @ D:\Mes Documents\EMSI\CY.ING.INF\5IIR\PFA\realisation\BackEnd v1\i-Foot\pom.xml.
2022-12-16 17:40:31,512 [Worker-5: Building] INFO  o.e.m.c.i.l.LifecycleMappingFactory - Using org.eclipse.m2e.jdt.JarLifecycleMapping lifecycle mapping for MavenProject: ma.emsi:i-Foot:0.0.1-SNAPSHOT @ D:\Mes Documents\EMSI\CY.ING.INF\5IIR\PFA\realisation\BackEnd v1\i-Foot\pom.xml.
2022-12-16 17:40:35,078 [Worker-5: Building] INFO  o.a.m.s.f.DefaultMavenResourcesFiltering - Copying 1 resource
2022-12-16 17:40:35,144 [Worker-5: Building] INFO  o.a.m.s.f.DefaultMavenResourcesFiltering - Copying 0 resource
2022-12-16 17:40:35,154 [Worker-5: Building] INFO  o.a.m.s.f.DefaultMavenResourcesFiltering - skip non existing resourceDirectory D:\Mes Documents\EMSI\CY.ING.INF\5IIR\PFA\realisation\BackEnd v1\i-Foot\src\test\resources
2022-12-16 17:40:37,698 [Worker-3: Updating Maven Dependencies] INFO  o.e.m.c.i.l.LifecycleMappingFactory - Using org.eclipse.m2e.jdt.JarLifecycleMapping lifecycle mapping for MavenProject: ma.emsi:i-Foot:0.0.1-SNAPSHOT @ D:\Mes Documents\EMSI\CY.ING.INF\5IIR\PFA\realisation\BackEnd v1\i-Foot\pom.xml.
2022-12-16 17:40:42,120 [Worker-6: Building] INFO  o.a.m.s.f.DefaultMavenResourcesFiltering - Copying 1 resource
2022-12-16 17:40:42,178 [Worker-6: Building] INFO  o.a.m.s.f.DefaultMavenResourcesFiltering - Copying 0 resource
2022-12-16 17:40:42,184 [Worker-6: Building] INFO  o.a.m.s.f.DefaultMavenResourcesFiltering - skip non existing resourceDirectory D:\Mes Documents\EMSI\CY.ING.INF\5IIR\PFA\realisation\BackEnd v1\i-Foot\src\test\resources
2022-12-16 17:42:44,460 [Worker-12: Building] INFO  o.a.m.s.f.DefaultMavenResourcesFiltering - Copying 1 resource
2022-12-16 17:42:44,472 [Worker-12: Building] INFO  o.a.m.s.f.DefaultMavenResourcesFiltering - Copying 0 resource
2022-12-16 17:42:44,476 [Worker-12: Building] INFO  o.a.m.s.f.DefaultMavenResourcesFiltering - skip non existing resourceDirectory D:\Mes Documents\EMSI\CY.ING.INF\5IIR\PFA\realisation\BackEnd v1\i-Foot\src\test\resources
2022-12-16 17:42:52,778 [Worker-12: Building] INFO  o.a.m.s.f.DefaultMavenResourcesFiltering - Copying 1 resource
2022-12-16 17:42:52,785 [Worker-12: Building] INFO  o.a.m.s.f.DefaultMavenResourcesFiltering - Copying 0 resource
2022-12-16 17:42:52,788 [Worker-12: Building] INFO  o.a.m.s.f.DefaultMavenResourcesFiltering - skip non existing resourceDirectory D:\Mes Documents\EMSI\CY.ING.INF\5IIR\PFA\realisation\BackEnd v1\i-Foot\src\test\resources
2022-12-16 17:42:59,965 [Worker-13: Building] INFO  o.a.m.s.f.DefaultMavenResourcesFiltering - Copying 1 resource
2022-12-16 17:42:59,996 [Worker-13: Building] INFO  o.a.m.s.f.DefaultMavenResourcesFiltering - Copying 0 resource
2022-12-16 17:43:00,001 [Worker-13: Building] INFO  o.a.m.s.f.DefaultMavenResourcesFiltering - skip non existing resourceDirectory D:\Mes Documents\EMSI\CY.ING.INF\5IIR\PFA\realisation\BackEnd v1\i-Foot\src\test\resources
2022-12-16 17:43:20,066 [Worker-4: Building] INFO  o.a.m.s.f.DefaultMavenResourcesFiltering - Copying 1 resource
2022-12-16 17:43:20,083 [Worker-4: Building] INFO  o.a.m.s.f.DefaultMavenResourcesFiltering - Copying 0 resource
2022-12-16 17:43:20,089 [Worker-4: Building] INFO  o.a.m.s.f.DefaultMavenResourcesFiltering - skip non existing resourceDirectory D:\Mes Documents\EMSI\CY.ING.INF\5IIR\PFA\realisation\BackEnd v1\i-Foot\src\test\resources
2022-12-16 17:45:15,594 [Worker-10: Building] INFO  o.a.m.s.f.DefaultMavenResourcesFiltering - Copying 1 resource
2022-12-16 17:45:15,605 [Worker-10: Building] INFO  o.a.m.s.f.DefaultMavenResourcesFiltering - Copying 0 resource
2022-12-16 17:45:15,609 [Worker-10: Building] INFO  o.a.m.s.f.DefaultMavenResourcesFiltering - skip non existing resourceDirectory D:\Mes Documents\EMSI\CY.ING.INF\5IIR\PFA\realisation\BackEnd v1\i-Foot\src\test\resources
2022-12-16 17:45:25,788 [Worker-12: Building] INFO  o.a.m.s.f.DefaultMavenResourcesFiltering - Copying 1 resource
2022-12-16 17:45:25,793 [Worker-12: Building] INFO  o.a.m.s.f.DefaultMavenResourcesFiltering - Copying 0 resource
2022-12-16 17:45:25,799 [Worker-12: Building] INFO  o.a.m.s.f.DefaultMavenResourcesFiltering - skip non existing resourceDirectory D:\Mes Documents\EMSI\CY.ING.INF\5IIR\PFA\realisation\BackEnd v1\i-Foot\src\test\resources
2022-12-16 17:45:34,728 [Worker-12: Building] INFO  o.a.m.s.f.DefaultMavenResourcesFiltering - Copying 1 resource
2022-12-16 17:45:34,735 [Worker-12: Building] INFO  o.a.m.s.f.DefaultMavenResourcesFiltering - Copying 0 resource
2022-12-16 17:45:34,740 [Worker-12: Building] INFO  o.a.m.s.f.DefaultMavenResourcesFiltering - skip non existing resourceDirectory D:\Mes Documents\EMSI\CY.ING.INF\5IIR\PFA\realisation\BackEnd v1\i-Foot\src\test\resources
2022-12-16 17:46:16,870 [Worker-9: Building] INFO  o.a.m.s.f.DefaultMavenResourcesFiltering - Copying 1 resource
2022-12-16 17:46:16,878 [Worker-9: Building] INFO  o.a.m.s.f.DefaultMavenResourcesFiltering - Copying 0 resource
2022-12-16 17:46:16,881 [Worker-9: Building] INFO  o.a.m.s.f.DefaultMavenResourcesFiltering - skip non existing resourceDirectory D:\Mes Documents\EMSI\CY.ING.INF\5IIR\PFA\realisation\BackEnd v1\i-Foot\src\test\resources
2022-12-16 17:49:25,154 [Worker-12: Building] INFO  o.e.m.c.i.l.LifecycleMappingFactory - Using org.eclipse.m2e.jdt.JarLifecycleMapping lifecycle mapping for MavenProject: ma.emsi:i-Foot:0.0.1-SNAPSHOT @ D:\Mes Documents\EMSI\CY.ING.INF\5IIR\PFA\realisation\BackEnd v1\i-Foot\pom.xml.
2022-12-16 17:49:26,503 [Worker-12: Building] INFO  o.a.m.s.f.DefaultMavenResourcesFiltering - Copying 0 resource
2022-12-16 17:49:26,503 [Worker-12: Building] INFO  o.a.m.s.f.DefaultMavenResourcesFiltering - Copying 0 resource
2022-12-16 17:49:26,506 [Worker-12: Building] INFO  o.a.m.s.f.DefaultMavenResourcesFiltering - skip non existing resourceDirectory D:\Mes Documents\EMSI\CY.ING.INF\5IIR\PFA\realisation\BackEnd v1\i-Foot\src\test\resources
2022-12-16 17:49:29,149 [Worker-13: Building] INFO  o.a.m.s.f.DefaultMavenResourcesFiltering - Copying 1 resource
2022-12-16 17:49:29,170 [Worker-13: Building] INFO  o.a.m.s.f.DefaultMavenResourcesFiltering - Copying 0 resource
2022-12-16 17:49:29,172 [Worker-13: Building] INFO  o.a.m.s.f.DefaultMavenResourcesFiltering - skip non existing resourceDirectory D:\Mes Documents\EMSI\CY.ING.INF\5IIR\PFA\realisation\BackEnd v1\i-Foot\src\test\resources
2022-12-16 17:49:44,260 [Worker-9: Building] INFO  o.e.m.c.i.l.LifecycleMappingFactory - Using org.eclipse.m2e.jdt.JarLifecycleMapping lifecycle mapping for MavenProject: ma.emsi:i-Foot:0.0.1-SNAPSHOT @ D:\Mes Documents\EMSI\CY.ING.INF\5IIR\PFA\realisation\BackEnd v1\i-Foot\pom.xml.
2022-12-16 17:49:45,308 [Worker-9: Building] INFO  o.a.m.s.f.DefaultMavenResourcesFiltering - Copying 0 resource
2022-12-16 17:49:45,310 [Worker-9: Building] INFO  o.a.m.s.f.DefaultMavenResourcesFiltering - Copying 0 resource
2022-12-16 17:49:45,314 [Worker-9: Building] INFO  o.a.m.s.f.DefaultMavenResourcesFiltering - skip non existing resourceDirectory D:\Mes Documents\EMSI\CY.ING.INF\5IIR\PFA\realisation\BackEnd v1\i-Foot\src\test\resources
2022-12-16 17:50:13,878 [Worker-12: Building] INFO  o.e.m.c.i.l.LifecycleMappingFactory - Using org.eclipse.m2e.jdt.JarLifecycleMapping lifecycle mapping for MavenProject: ma.emsi:i-Foot:0.0.1-SNAPSHOT @ D:\Mes Documents\EMSI\CY.ING.INF\5IIR\PFA\realisation\BackEnd v1\i-Foot\pom.xml.
2022-12-16 17:50:15,248 [Worker-12: Building] INFO  o.a.m.s.f.DefaultMavenResourcesFiltering - Copying 1 resource
2022-12-16 17:50:15,279 [Worker-12: Building] INFO  o.a.m.s.f.DefaultMavenResourcesFiltering - Copying 0 resource
2022-12-16 17:50:15,284 [Worker-12: Building] INFO  o.a.m.s.f.DefaultMavenResourcesFiltering - skip non existing resourceDirectory D:\Mes Documents\EMSI\CY.ING.INF\5IIR\PFA\realisation\BackEnd v1\i-Foot\src\test\resources
2022-12-16 17:50:17,697 [Worker-12: Building] INFO  o.a.m.s.f.DefaultMavenResourcesFiltering - Copying 1 resource
2022-12-16 17:50:17,710 [Worker-12: Building] INFO  o.a.m.s.f.DefaultMavenResourcesFiltering - Copying 0 resource
2022-12-16 17:50:17,712 [Worker-12: Building] INFO  o.a.m.s.f.DefaultMavenResourcesFiltering - skip non existing resourceDirectory D:\Mes Documents\EMSI\CY.ING.INF\5IIR\PFA\realisation\BackEnd v1\i-Foot\src\test\resources
2022-12-16 17:50:23,492 [Worker-10: Building] INFO  o.e.m.c.i.l.LifecycleMappingFactory - Using org.eclipse.m2e.jdt.JarLifecycleMapping lifecycle mapping for MavenProject: ma.emsi:i-Foot:0.0.1-SNAPSHOT @ D:\Mes Documents\EMSI\CY.ING.INF\5IIR\PFA\realisation\BackEnd v1\i-Foot\pom.xml.
2022-12-16 17:50:24,601 [Worker-10: Building] INFO  o.a.m.s.f.DefaultMavenResourcesFiltering - Copying 0 resource
2022-12-16 17:50:24,601 [Worker-10: Building] INFO  o.a.m.s.f.DefaultMavenResourcesFiltering - Copying 0 resource
2022-12-16 17:50:24,604 [Worker-10: Building] INFO  o.a.m.s.f.DefaultMavenResourcesFiltering - skip non existing resourceDirectory D:\Mes Documents\EMSI\CY.ING.INF\5IIR\PFA\realisation\BackEnd v1\i-Foot\src\test\resources
2022-12-16 17:50:27,017 [Worker-4: Building] INFO  o.a.m.s.f.DefaultMavenResourcesFiltering - Copying 1 resource
2022-12-16 17:50:27,051 [Worker-4: Building] INFO  o.a.m.s.f.DefaultMavenResourcesFiltering - Copying 0 resource
2022-12-16 17:50:27,054 [Worker-4: Building] INFO  o.a.m.s.f.DefaultMavenResourcesFiltering - skip non existing resourceDirectory D:\Mes Documents\EMSI\CY.ING.INF\5IIR\PFA\realisation\BackEnd v1\i-Foot\src\test\resources
2022-12-16 17:51:25,223 [Worker-13: Building] INFO  o.e.m.c.i.l.LifecycleMappingFactory - Using org.eclipse.m2e.jdt.JarLifecycleMapping lifecycle mapping for MavenProject: ma.emsi:i-Foot:0.0.1-SNAPSHOT @ D:\Mes Documents\EMSI\CY.ING.INF\5IIR\PFA\realisation\BackEnd v1\i-Foot\pom.xml.
2022-12-16 17:51:26,238 [Worker-13: Building] INFO  o.a.m.s.f.DefaultMavenResourcesFiltering - Copying 0 resource
2022-12-16 17:51:26,238 [Worker-13: Building] INFO  o.a.m.s.f.DefaultMavenResourcesFiltering - Copying 0 resource
2022-12-16 17:51:26,241 [Worker-13: Building] INFO  o.a.m.s.f.DefaultMavenResourcesFiltering - skip non existing resourceDirectory D:\Mes Documents\EMSI\CY.ING.INF\5IIR\PFA\realisation\BackEnd v1\i-Foot\src\test\resources
2022-12-16 17:51:28,581 [Worker-9: Building] INFO  o.a.m.s.f.DefaultMavenResourcesFiltering - Copying 1 resource
2022-12-16 17:51:28,606 [Worker-9: Building] INFO  o.a.m.s.f.DefaultMavenResourcesFiltering - Copying 0 resource
2022-12-16 17:51:28,609 [Worker-9: Building] INFO  o.a.m.s.f.DefaultMavenResourcesFiltering - skip non existing resourceDirectory D:\Mes Documents\EMSI\CY.ING.INF\5IIR\PFA\realisation\BackEnd v1\i-Foot\src\test\resources
2022-12-16 17:53:00,406 [Worker-17: Building] INFO  o.e.m.c.i.l.LifecycleMappingFactory - Using org.eclipse.m2e.jdt.JarLifecycleMapping lifecycle mapping for MavenProject: ma.emsi:i-Foot:0.0.1-SNAPSHOT @ D:\Mes Documents\EMSI\CY.ING.INF\5IIR\PFA\realisation\BackEnd v1\i-Foot\pom.xml.
2022-12-16 17:53:02,589 [Worker-17: Building] INFO  o.e.m.c.i.e.AbstractTransferListenerAdapter - Downloaded https://artifactory-oss.prod.netflix.net/artifactory/maven-oss-candidates/jakarta/inject/jakarta.inject-api/2.0.1/jakarta.inject-api-2.0.1.jar
2022-12-16 17:53:03,557 [Worker-17: Building] INFO  o.e.m.c.i.e.AbstractTransferListenerAdapter - Downloaded https://repo.spring.io/milestone/jakarta/inject/jakarta.inject-api/2.0.1/jakarta.inject-api-2.0.1.jar
2022-12-16 17:53:03,984 [Worker-17: Building] INFO  o.e.m.c.i.e.AbstractTransferListenerAdapter - Downloading https://repo.maven.apache.org/maven2/jakarta/inject/jakarta.inject-api/2.0.1/jakarta.inject-api-2.0.1.jar
2022-12-16 17:53:04,193 [Worker-17: Building] INFO  o.e.m.c.i.e.AbstractTransferListenerAdapter - Downloaded https://repo.maven.apache.org/maven2/jakarta/inject/jakarta.inject-api/2.0.1/jakarta.inject-api-2.0.1.jar
2022-12-16 17:53:04,805 [Worker-17: Building] INFO  o.a.m.s.f.DefaultMavenResourcesFiltering - Copying 0 resource
2022-12-16 17:53:04,805 [Worker-17: Building] INFO  o.a.m.s.f.DefaultMavenResourcesFiltering - Copying 0 resource
2022-12-16 17:53:04,807 [Worker-17: Building] INFO  o.a.m.s.f.DefaultMavenResourcesFiltering - skip non existing resourceDirectory D:\Mes Documents\EMSI\CY.ING.INF\5IIR\PFA\realisation\BackEnd v1\i-Foot\src\test\resources
2022-12-16 17:53:06,937 [Worker-18: Building] INFO  o.a.m.s.f.DefaultMavenResourcesFiltering - Copying 1 resource
2022-12-16 17:53:06,961 [Worker-18: Building] INFO  o.a.m.s.f.DefaultMavenResourcesFiltering - Copying 0 resource
2022-12-16 17:53:06,964 [Worker-18: Building] INFO  o.a.m.s.f.DefaultMavenResourcesFiltering - skip non existing resourceDirectory D:\Mes Documents\EMSI\CY.ING.INF\5IIR\PFA\realisation\BackEnd v1\i-Foot\src\test\resources
2022-12-16 17:53:07,651 [Worker-11: Download sources and javadoc] INFO  o.e.m.c.i.e.AbstractTransferListenerAdapter - Downloaded https://artifactory-oss.prod.netflix.net/artifactory/maven-oss-candidates/jakarta/inject/jakarta.inject-api/2.0.1/jakarta.inject-api-2.0.1-sources.jar
2022-12-16 17:53:08,298 [Worker-11: Download sources and javadoc] INFO  o.e.m.c.i.e.AbstractTransferListenerAdapter - Downloaded https://repo.spring.io/milestone/jakarta/inject/jakarta.inject-api/2.0.1/jakarta.inject-api-2.0.1-sources.jar
2022-12-16 17:53:08,606 [Worker-11: Download sources and javadoc] INFO  o.e.m.c.i.e.AbstractTransferListenerAdapter - Downloading https://repo.maven.apache.org/maven2/jakarta/inject/jakarta.inject-api/2.0.1/jakarta.inject-api-2.0.1-sources.jar
2022-12-16 17:53:08,909 [Worker-11: Download sources and javadoc] INFO  o.e.m.c.i.e.AbstractTransferListenerAdapter - Downloaded https://repo.maven.apache.org/maven2/jakarta/inject/jakarta.inject-api/2.0.1/jakarta.inject-api-2.0.1-sources.jar
2022-12-16 17:53:08,916 [Worker-11: Download sources and javadoc] INFO  o.e.m.j.internal.DownloadSourcesJob - Downloaded sources for jakarta.inject:jakarta.inject-api:2.0.1
2022-12-16 17:53:09,764 [Worker-11: Building] INFO  o.a.m.s.f.DefaultMavenResourcesFiltering - Copying 0 resource
2022-12-16 17:53:09,765 [Worker-11: Building] INFO  o.a.m.s.f.DefaultMavenResourcesFiltering - Copying 0 resource
2022-12-16 17:53:09,767 [Worker-11: Building] INFO  o.a.m.s.f.DefaultMavenResourcesFiltering - skip non existing resourceDirectory D:\Mes Documents\EMSI\CY.ING.INF\5IIR\PFA\realisation\BackEnd v1\i-Foot\src\test\resources
2022-12-16 17:53:28,970 [Worker-19: Building] INFO  o.a.m.s.f.DefaultMavenResourcesFiltering - Copying 1 resource
2022-12-16 17:53:29,033 [Worker-19: Building] INFO  o.a.m.s.f.DefaultMavenResourcesFiltering - Copying 0 resource
2022-12-16 17:53:29,037 [Worker-19: Building] INFO  o.a.m.s.f.DefaultMavenResourcesFiltering - skip non existing resourceDirectory D:\Mes Documents\EMSI\CY.ING.INF\5IIR\PFA\realisation\BackEnd v1\i-Foot\src\test\resources
2022-12-16 17:53:33,492 [Worker-17: Building] INFO  o.a.m.s.f.DefaultMavenResourcesFiltering - Copying 1 resource
2022-12-16 17:53:33,498 [Worker-17: Building] INFO  o.a.m.s.f.DefaultMavenResourcesFiltering - Copying 0 resource
2022-12-16 17:53:33,500 [Worker-17: Building] INFO  o.a.m.s.f.DefaultMavenResourcesFiltering - skip non existing resourceDirectory D:\Mes Documents\EMSI\CY.ING.INF\5IIR\PFA\realisation\BackEnd v1\i-Foot\src\test\resources
2022-12-16 17:54:02,875 [Worker-19: Building] INFO  o.a.m.s.f.DefaultMavenResourcesFiltering - Copying 1 resource
2022-12-16 17:54:02,879 [Worker-19: Building] INFO  o.a.m.s.f.DefaultMavenResourcesFiltering - Copying 0 resource
2022-12-16 17:54:02,881 [Worker-19: Building] INFO  o.a.m.s.f.DefaultMavenResourcesFiltering - skip non existing resourceDirectory D:\Mes Documents\EMSI\CY.ING.INF\5IIR\PFA\realisation\BackEnd v1\i-Foot\src\test\resources
2022-12-16 17:57:56,729 [Worker-20: Building] INFO  o.a.m.s.f.DefaultMavenResourcesFiltering - Copying 1 resource
2022-12-16 17:57:56,734 [Worker-20: Building] INFO  o.a.m.s.f.DefaultMavenResourcesFiltering - Copying 0 resource
2022-12-16 17:57:56,736 [Worker-20: Building] INFO  o.a.m.s.f.DefaultMavenResourcesFiltering - skip non existing resourceDirectory D:\Mes Documents\EMSI\CY.ING.INF\5IIR\PFA\realisation\BackEnd v1\i-Foot\src\test\resources
2022-12-16 17:58:12,738 [Worker-22: Building] INFO  o.a.m.s.f.DefaultMavenResourcesFiltering - Copying 1 resource
2022-12-16 17:58:12,743 [Worker-22: Building] INFO  o.a.m.s.f.DefaultMavenResourcesFiltering - Copying 0 resource
2022-12-16 17:58:12,748 [Worker-22: Building] INFO  o.a.m.s.f.DefaultMavenResourcesFiltering - skip non existing resourceDirectory D:\Mes Documents\EMSI\CY.ING.INF\5IIR\PFA\realisation\BackEnd v1\i-Foot\src\test\resources
2022-12-16 17:58:36,798 [Worker-9: Building] INFO  o.a.m.s.f.DefaultMavenResourcesFiltering - Copying 1 resource
2022-12-16 17:58:36,803 [Worker-9: Building] INFO  o.a.m.s.f.DefaultMavenResourcesFiltering - Copying 0 resource
2022-12-16 17:58:36,806 [Worker-9: Building] INFO  o.a.m.s.f.DefaultMavenResourcesFiltering - skip non existing resourceDirectory D:\Mes Documents\EMSI\CY.ING.INF\5IIR\PFA\realisation\BackEnd v1\i-Foot\src\test\resources
2022-12-16 17:58:40,217 [Worker-20: Building] INFO  o.a.m.s.f.DefaultMavenResourcesFiltering - Copying 1 resource
2022-12-16 17:58:40,244 [Worker-20: Building] INFO  o.a.m.s.f.DefaultMavenResourcesFiltering - Copying 0 resource
2022-12-16 17:58:40,247 [Worker-20: Building] INFO  o.a.m.s.f.DefaultMavenResourcesFiltering - skip non existing resourceDirectory D:\Mes Documents\EMSI\CY.ING.INF\5IIR\PFA\realisation\BackEnd v1\i-Foot\src\test\resources
2022-12-16 17:58:51,719 [Worker-9: Building] INFO  o.a.m.s.f.DefaultMavenResourcesFiltering - Copying 1 resource
2022-12-16 17:58:51,728 [Worker-9: Building] INFO  o.a.m.s.f.DefaultMavenResourcesFiltering - Copying 0 resource
2022-12-16 17:58:51,731 [Worker-9: Building] INFO  o.a.m.s.f.DefaultMavenResourcesFiltering - skip non existing resourceDirectory D:\Mes Documents\EMSI\CY.ING.INF\5IIR\PFA\realisation\BackEnd v1\i-Foot\src\test\resources
2022-12-16 18:03:18,068 [Worker-24: Building] INFO  o.e.m.c.i.l.LifecycleMappingFactory - Using org.eclipse.m2e.jdt.JarLifecycleMapping lifecycle mapping for MavenProject: ma.emsi:i-Foot:0.0.1-SNAPSHOT @ D:\Mes Documents\EMSI\CY.ING.INF\5IIR\PFA\realisation\BackEnd v1\i-Foot\pom.xml.
2022-12-16 18:03:19,155 [Worker-24: Building] INFO  o.a.m.s.f.DefaultMavenResourcesFiltering - Copying 0 resource
2022-12-16 18:03:19,155 [Worker-24: Building] INFO  o.a.m.s.f.DefaultMavenResourcesFiltering - Copying 0 resource
2022-12-16 18:03:19,158 [Worker-24: Building] INFO  o.a.m.s.f.DefaultMavenResourcesFiltering - skip non existing resourceDirectory D:\Mes Documents\EMSI\CY.ING.INF\5IIR\PFA\realisation\BackEnd v1\i-Foot\src\test\resources
2022-12-16 18:03:33,727 [Worker-22: Building] INFO  o.e.m.c.i.l.LifecycleMappingFactory - Using org.eclipse.m2e.jdt.JarLifecycleMapping lifecycle mapping for MavenProject: ma.emsi:i-Foot:0.0.1-SNAPSHOT @ D:\Mes Documents\EMSI\CY.ING.INF\5IIR\PFA\realisation\BackEnd v1\i-Foot\pom.xml.
2022-12-16 18:03:35,144 [Worker-22: Building] INFO  o.a.m.s.f.DefaultMavenResourcesFiltering - Copying 1 resource
2022-12-16 18:03:35,157 [Worker-22: Building] INFO  o.a.m.s.f.DefaultMavenResourcesFiltering - Copying 0 resource
2022-12-16 18:03:35,159 [Worker-22: Building] INFO  o.a.m.s.f.DefaultMavenResourcesFiltering - skip non existing resourceDirectory D:\Mes Documents\EMSI\CY.ING.INF\5IIR\PFA\realisation\BackEnd v1\i-Foot\src\test\resources
2022-12-16 18:05:14,573 [Worker-26: Building] INFO  o.e.m.c.i.l.LifecycleMappingFactory - Using org.eclipse.m2e.jdt.JarLifecycleMapping lifecycle mapping for MavenProject: ma.emsi:i-Foot:0.0.1-SNAPSHOT @ D:\Mes Documents\EMSI\CY.ING.INF\5IIR\PFA\realisation\BackEnd v1\i-Foot\pom.xml.
2022-12-16 18:05:14,693 [Worker-26: Building] INFO  o.a.m.s.f.DefaultMavenResourcesFiltering - Copying 0 resource
2022-12-16 18:05:14,693 [Worker-26: Building] INFO  o.a.m.s.f.DefaultMavenResourcesFiltering - Copying 0 resource
2022-12-16 18:05:14,696 [Worker-26: Building] INFO  o.a.m.s.f.DefaultMavenResourcesFiltering - skip non existing resourceDirectory D:\Mes Documents\EMSI\CY.ING.INF\5IIR\PFA\realisation\BackEnd v1\i-Foot\src\test\resources
2022-12-16 18:05:17,174 [Worker-26: Building] INFO  o.a.m.s.f.DefaultMavenResourcesFiltering - Copying 1 resource
2022-12-16 18:05:17,198 [Worker-26: Building] INFO  o.a.m.s.f.DefaultMavenResourcesFiltering - Copying 0 resource
2022-12-16 18:05:17,202 [Worker-26: Building] INFO  o.a.m.s.f.DefaultMavenResourcesFiltering - skip non existing resourceDirectory D:\Mes Documents\EMSI\CY.ING.INF\5IIR\PFA\realisation\BackEnd v1\i-Foot\src\test\resources
2022-12-16 18:05:31,609 [Worker-26: Building] INFO  o.e.m.c.i.l.LifecycleMappingFactory - Using org.eclipse.m2e.jdt.JarLifecycleMapping lifecycle mapping for MavenProject: ma.emsi:i-Foot:0.0.1-SNAPSHOT @ D:\Mes Documents\EMSI\CY.ING.INF\5IIR\PFA\realisation\BackEnd v1\i-Foot\pom.xml.
2022-12-16 18:05:32,546 [Worker-26: Building] INFO  o.a.m.s.f.DefaultMavenResourcesFiltering - Copying 0 resource
2022-12-16 18:05:32,547 [Worker-26: Building] INFO  o.a.m.s.f.DefaultMavenResourcesFiltering - Copying 0 resource
2022-12-16 18:05:32,549 [Worker-26: Building] INFO  o.a.m.s.f.DefaultMavenResourcesFiltering - skip non existing resourceDirectory D:\Mes Documents\EMSI\CY.ING.INF\5IIR\PFA\realisation\BackEnd v1\i-Foot\src\test\resources
2022-12-16 18:05:34,956 [Worker-24: Building] INFO  o.a.m.s.f.DefaultMavenResourcesFiltering - Copying 1 resource
2022-12-16 18:05:34,982 [Worker-24: Building] INFO  o.a.m.s.f.DefaultMavenResourcesFiltering - Copying 0 resource
2022-12-16 18:05:34,984 [Worker-24: Building] INFO  o.a.m.s.f.DefaultMavenResourcesFiltering - skip non existing resourceDirectory D:\Mes Documents\EMSI\CY.ING.INF\5IIR\PFA\realisation\BackEnd v1\i-Foot\src\test\resources
2022-12-16 18:06:04,278 [Worker-25: Building] INFO  o.e.m.c.i.l.LifecycleMappingFactory - Using org.eclipse.m2e.jdt.JarLifecycleMapping lifecycle mapping for MavenProject: ma.emsi:i-Foot:0.0.1-SNAPSHOT @ D:\Mes Documents\EMSI\CY.ING.INF\5IIR\PFA\realisation\BackEnd v1\i-Foot\pom.xml.
2022-12-16 18:06:05,337 [Worker-25: Building] INFO  o.a.m.s.f.DefaultMavenResourcesFiltering - Copying 0 resource
2022-12-16 18:06:05,337 [Worker-25: Building] INFO  o.a.m.s.f.DefaultMavenResourcesFiltering - Copying 0 resource
2022-12-16 18:06:05,339 [Worker-25: Building] INFO  o.a.m.s.f.DefaultMavenResourcesFiltering - skip non existing resourceDirectory D:\Mes Documents\EMSI\CY.ING.INF\5IIR\PFA\realisation\BackEnd v1\i-Foot\src\test\resources
2022-12-16 18:06:11,005 [Worker-28: Building] INFO  o.e.m.c.i.l.LifecycleMappingFactory - Using org.eclipse.m2e.jdt.JarLifecycleMapping lifecycle mapping for MavenProject: ma.emsi:i-Foot:0.0.1-SNAPSHOT @ D:\Mes Documents\EMSI\CY.ING.INF\5IIR\PFA\realisation\BackEnd v1\i-Foot\pom.xml.
2022-12-16 18:06:12,081 [Worker-28: Building] INFO  o.a.m.s.f.DefaultMavenResourcesFiltering - Copying 1 resource
2022-12-16 18:06:12,100 [Worker-28: Building] INFO  o.a.m.s.f.DefaultMavenResourcesFiltering - Copying 0 resource
2022-12-16 18:06:12,102 [Worker-28: Building] INFO  o.a.m.s.f.DefaultMavenResourcesFiltering - skip non existing resourceDirectory D:\Mes Documents\EMSI\CY.ING.INF\5IIR\PFA\realisation\BackEnd v1\i-Foot\src\test\resources
2022-12-16 18:06:22,742 [Worker-24: Building] INFO  o.e.m.c.i.l.LifecycleMappingFactory - Using org.eclipse.m2e.jdt.JarLifecycleMapping lifecycle mapping for MavenProject: ma.emsi:i-Foot:0.0.1-SNAPSHOT @ D:\Mes Documents\EMSI\CY.ING.INF\5IIR\PFA\realisation\BackEnd v1\i-Foot\pom.xml.
2022-12-16 18:06:24,050 [Worker-24: Building] INFO  o.a.m.s.f.DefaultMavenResourcesFiltering - Copying 1 resource
2022-12-16 18:06:24,070 [Worker-24: Building] INFO  o.a.m.s.f.DefaultMavenResourcesFiltering - Copying 0 resource
2022-12-16 18:06:24,073 [Worker-24: Building] INFO  o.a.m.s.f.DefaultMavenResourcesFiltering - skip non existing resourceDirectory D:\Mes Documents\EMSI\CY.ING.INF\5IIR\PFA\realisation\BackEnd v1\i-Foot\src\test\resources
2022-12-16 18:06:30,749 [Worker-22: Building] INFO  o.e.m.c.i.l.LifecycleMappingFactory - Using org.eclipse.m2e.jdt.JarLifecycleMapping lifecycle mapping for MavenProject: ma.emsi:i-Foot:0.0.1-SNAPSHOT @ D:\Mes Documents\EMSI\CY.ING.INF\5IIR\PFA\realisation\BackEnd v1\i-Foot\pom.xml.
2022-12-16 18:06:31,593 [Worker-22: Building] INFO  o.a.m.s.f.DefaultMavenResourcesFiltering - Copying 0 resource
2022-12-16 18:06:31,593 [Worker-22: Building] INFO  o.a.m.s.f.DefaultMavenResourcesFiltering - Copying 0 resource
2022-12-16 18:06:31,596 [Worker-22: Building] INFO  o.a.m.s.f.DefaultMavenResourcesFiltering - skip non existing resourceDirectory D:\Mes Documents\EMSI\CY.ING.INF\5IIR\PFA\realisation\BackEnd v1\i-Foot\src\test\resources
2022-12-16 18:06:35,469 [Worker-26: Building] INFO  o.e.m.c.i.l.LifecycleMappingFactory - Using org.eclipse.m2e.jdt.JarLifecycleMapping lifecycle mapping for MavenProject: ma.emsi:i-Foot:0.0.1-SNAPSHOT @ D:\Mes Documents\EMSI\CY.ING.INF\5IIR\PFA\realisation\BackEnd v1\i-Foot\pom.xml.
2022-12-16 18:06:36,939 [Worker-26: Building] INFO  o.a.m.s.f.DefaultMavenResourcesFiltering - Copying 1 resource
2022-12-16 18:06:36,961 [Worker-26: Building] INFO  o.a.m.s.f.DefaultMavenResourcesFiltering - Copying 0 resource
2022-12-16 18:06:36,965 [Worker-26: Building] INFO  o.a.m.s.f.DefaultMavenResourcesFiltering - skip non existing resourceDirectory D:\Mes Documents\EMSI\CY.ING.INF\5IIR\PFA\realisation\BackEnd v1\i-Foot\src\test\resources
2022-12-16 18:09:30,007 [Worker-26: Building] INFO  o.e.m.c.i.l.LifecycleMappingFactory - Using org.eclipse.m2e.jdt.JarLifecycleMapping lifecycle mapping for MavenProject: ma.emsi:i-Foot:0.0.1-SNAPSHOT @ D:\Mes Documents\EMSI\CY.ING.INF\5IIR\PFA\realisation\BackEnd v1\i-Foot\pom.xml.
2022-12-16 18:09:30,967 [Worker-26: Building] INFO  o.a.m.s.f.DefaultMavenResourcesFiltering - Copying 0 resource
2022-12-16 18:09:30,967 [Worker-26: Building] INFO  o.a.m.s.f.DefaultMavenResourcesFiltering - Copying 0 resource
2022-12-16 18:09:30,970 [Worker-26: Building] INFO  o.a.m.s.f.DefaultMavenResourcesFiltering - skip non existing resourceDirectory D:\Mes Documents\EMSI\CY.ING.INF\5IIR\PFA\realisation\BackEnd v1\i-Foot\src\test\resources
2022-12-16 18:12:11,863 [Worker-30: Updating Maven Project] INFO  o.e.m.c.i.p.ProjectConfigurationManager - Update started
2022-12-16 18:12:12,304 [Worker-30: Updating Maven Project] INFO  o.e.m.c.i.l.LifecycleMappingFactory - Using org.eclipse.m2e.jdt.JarLifecycleMapping lifecycle mapping for MavenProject: ma.emsi:i-Foot:0.0.1-SNAPSHOT @ D:\Mes Documents\EMSI\CY.ING.INF\5IIR\PFA\realisation\BackEnd v1\i-Foot\pom.xml.
2022-12-16 18:12:13,112 [Worker-30: Updating Maven Project] INFO  o.e.m.j.i.AbstractJavaProjectConfigurator - Adding source folder /i-Foot/src/main/java
2022-12-16 18:12:13,113 [Worker-30: Updating Maven Project] INFO  o.e.m.j.i.AbstractJavaProjectConfigurator - Adding resource folder /i-Foot/src/main/resources
2022-12-16 18:12:13,113 [Worker-30: Updating Maven Project] INFO  o.e.m.j.i.AbstractJavaProjectConfigurator - Adding resource folder /i-Foot/src/main/resources
2022-12-16 18:12:13,114 [Worker-30: Updating Maven Project] INFO  o.e.m.j.i.AbstractJavaProjectConfigurator - Adding source folder /i-Foot/src/test/java
2022-12-16 18:12:13,954 [Worker-30: Updating Maven Project] INFO  o.e.m.c.i.p.ProjectConfigurationManager - Update completed: 2 sec
2022-12-16 18:12:15,333 [Worker-37: Building] INFO  o.a.m.s.f.DefaultMavenResourcesFiltering - Copying 1 resource
2022-12-16 18:12:15,379 [Worker-37: Building] INFO  o.a.m.s.f.DefaultMavenResourcesFiltering - Copying 0 resource
2022-12-16 18:12:15,384 [Worker-37: Building] INFO  o.a.m.s.f.DefaultMavenResourcesFiltering - skip non existing resourceDirectory D:\Mes Documents\EMSI\CY.ING.INF\5IIR\PFA\realisation\BackEnd v1\i-Foot\src\test\resources
2022-12-16 18:13:45,964 [Worker-26: Building] ERROR o.e.m.c.i.p.r.ProjectRegistryManager - Could not read pom.xml
org.eclipse.core.runtime.CoreException: Could not read pom.xml
	at org.eclipse.m2e.core.internal.embedder.MavenImpl.readModel(MavenImpl.java:579)
	at org.eclipse.m2e.core.internal.project.registry.ProjectRegistryManager.refreshPhase2(ProjectRegistryManager.java:556)
	at org.eclipse.m2e.core.internal.project.registry.ProjectRegistryManager.refresh(ProjectRegistryManager.java:512)
	at org.eclipse.m2e.core.internal.project.registry.ProjectRegistryManager.refresh(ProjectRegistryManager.java:358)
	at org.eclipse.m2e.core.internal.project.registry.ProjectRegistryManager.refresh(ProjectRegistryManager.java:312)
	at org.eclipse.m2e.core.internal.builder.MavenBuilder$BuildMethod.getProjectFacade(MavenBuilder.java:151)
	at org.eclipse.m2e.core.internal.builder.MavenBuilder$BuildMethod.lambda$0(MavenBuilder.java:89)
	at org.eclipse.m2e.core.internal.embedder.MavenExecutionContext.executeBare(MavenExecutionContext.java:182)
	at org.eclipse.m2e.core.internal.embedder.MavenExecutionContext.execute(MavenExecutionContext.java:156)
	at org.eclipse.m2e.core.internal.embedder.MavenExecutionContext.execute(MavenExecutionContext.java:103)
	at org.eclipse.m2e.core.internal.builder.MavenBuilder$BuildMethod.execute(MavenBuilder.java:88)
	at org.eclipse.m2e.core.internal.builder.MavenBuilder.build(MavenBuilder.java:198)
	at org.eclipse.core.internal.events.BuildManager$2.run(BuildManager.java:853)
	at org.eclipse.core.runtime.SafeRunner.run(SafeRunner.java:45)
	at org.eclipse.core.internal.events.BuildManager.basicBuild(BuildManager.java:232)
	at org.eclipse.core.internal.events.BuildManager.basicBuild(BuildManager.java:281)
	at org.eclipse.core.internal.events.BuildManager$1.run(BuildManager.java:334)
	at org.eclipse.core.runtime.SafeRunner.run(SafeRunner.java:45)
	at org.eclipse.core.internal.events.BuildManager.basicBuild(BuildManager.java:337)
	at org.eclipse.core.internal.events.BuildManager.basicBuildLoop(BuildManager.java:389)
	at org.eclipse.core.internal.events.BuildManager.build(BuildManager.java:410)
	at org.eclipse.core.internal.events.AutoBuildJob.doBuild(AutoBuildJob.java:160)
	at org.eclipse.core.internal.events.AutoBuildJob.run(AutoBuildJob.java:251)
	at org.eclipse.core.internal.jobs.Worker.run(Worker.java:63)
Caused by: java.io.EOFException: input contained no data
	at org.codehaus.plexus.util.xml.pull.MXParser.fillBuf(MXParser.java:3694)
	at org.codehaus.plexus.util.xml.pull.MXParser.more(MXParser.java:3776)
	at org.codehaus.plexus.util.xml.pull.MXParser.parseProlog(MXParser.java:1717)
	at org.codehaus.plexus.util.xml.pull.MXParser.nextImpl(MXParser.java:1700)
	at org.codehaus.plexus.util.xml.pull.MXParser.next(MXParser.java:1319)
	at org.apache.maven.model.io.xpp3.MavenXpp3Reader.read(MavenXpp3Reader.java:3876)
	at org.apache.maven.model.io.xpp3.MavenXpp3Reader.read(MavenXpp3Reader.java:595)
	at org.apache.maven.model.io.DefaultModelReader.read(DefaultModelReader.java:112)
	at org.apache.maven.model.io.DefaultModelReader.read(DefaultModelReader.java:85)
	at org.eclipse.m2e.core.internal.embedder.MavenImpl.readModel(MavenImpl.java:577)
	... 23 common frames omitted
2022-12-16 18:13:47,415 [Worker-43: Building] ERROR o.e.m.c.i.p.r.ProjectRegistryManager - Could not read pom.xml
org.eclipse.core.runtime.CoreException: Could not read pom.xml
	at org.eclipse.m2e.core.internal.embedder.MavenImpl.readModel(MavenImpl.java:579)
	at org.eclipse.m2e.core.internal.project.registry.ProjectRegistryManager.refreshPhase2(ProjectRegistryManager.java:556)
	at org.eclipse.m2e.core.internal.project.registry.ProjectRegistryManager.refresh(ProjectRegistryManager.java:512)
	at org.eclipse.m2e.core.internal.project.registry.ProjectRegistryManager.refresh(ProjectRegistryManager.java:358)
	at org.eclipse.m2e.core.internal.project.registry.ProjectRegistryManager.refresh(ProjectRegistryManager.java:312)
	at org.eclipse.m2e.core.internal.builder.MavenBuilder$BuildMethod.getProjectFacade(MavenBuilder.java:151)
	at org.eclipse.m2e.core.internal.builder.MavenBuilder$BuildMethod.lambda$0(MavenBuilder.java:89)
	at org.eclipse.m2e.core.internal.embedder.MavenExecutionContext.executeBare(MavenExecutionContext.java:182)
	at org.eclipse.m2e.core.internal.embedder.MavenExecutionContext.execute(MavenExecutionContext.java:156)
	at org.eclipse.m2e.core.internal.embedder.MavenExecutionContext.execute(MavenExecutionContext.java:103)
	at org.eclipse.m2e.core.internal.builder.MavenBuilder$BuildMethod.execute(MavenBuilder.java:88)
	at org.eclipse.m2e.core.internal.builder.MavenBuilder.build(MavenBuilder.java:198)
	at org.eclipse.core.internal.events.BuildManager$2.run(BuildManager.java:853)
	at org.eclipse.core.runtime.SafeRunner.run(SafeRunner.java:45)
	at org.eclipse.core.internal.events.BuildManager.basicBuild(BuildManager.java:232)
	at org.eclipse.core.internal.events.BuildManager.basicBuild(BuildManager.java:281)
	at org.eclipse.core.internal.events.BuildManager$1.run(BuildManager.java:334)
	at org.eclipse.core.runtime.SafeRunner.run(SafeRunner.java:45)
	at org.eclipse.core.internal.events.BuildManager.basicBuild(BuildManager.java:337)
	at org.eclipse.core.internal.events.BuildManager.basicBuildLoop(BuildManager.java:389)
	at org.eclipse.core.internal.events.BuildManager.build(BuildManager.java:410)
	at org.eclipse.core.internal.events.AutoBuildJob.doBuild(AutoBuildJob.java:160)
	at org.eclipse.core.internal.events.AutoBuildJob.run(AutoBuildJob.java:251)
	at org.eclipse.core.internal.jobs.Worker.run(Worker.java:63)
Caused by: java.io.EOFException: input contained no data
	at org.codehaus.plexus.util.xml.pull.MXParser.fillBuf(MXParser.java:3694)
	at org.codehaus.plexus.util.xml.pull.MXParser.more(MXParser.java:3776)
	at org.codehaus.plexus.util.xml.pull.MXParser.parseProlog(MXParser.java:1717)
	at org.codehaus.plexus.util.xml.pull.MXParser.nextImpl(MXParser.java:1700)
	at org.codehaus.plexus.util.xml.pull.MXParser.next(MXParser.java:1319)
	at org.apache.maven.model.io.xpp3.MavenXpp3Reader.read(MavenXpp3Reader.java:3876)
	at org.apache.maven.model.io.xpp3.MavenXpp3Reader.read(MavenXpp3Reader.java:595)
	at org.apache.maven.model.io.DefaultModelReader.read(DefaultModelReader.java:112)
	at org.apache.maven.model.io.DefaultModelReader.read(DefaultModelReader.java:85)
	at org.eclipse.m2e.core.internal.embedder.MavenImpl.readModel(MavenImpl.java:577)
	... 23 common frames omitted
2022-12-16 18:13:52,880 [Worker-26: Building] INFO  o.e.m.c.i.l.LifecycleMappingFactory - Using org.eclipse.m2e.jdt.JarLifecycleMapping lifecycle mapping for MavenProject: ma.emsi:i-Foot:0.0.1-SNAPSHOT @ D:\Mes Documents\EMSI\CY.ING.INF\5IIR\PFA\realisation\BackEnd v1\i-Foot\pom.xml.
2022-12-16 18:13:54,255 [Worker-26: Building] INFO  o.a.m.s.f.DefaultMavenResourcesFiltering - Copying 0 resource
2022-12-16 18:13:54,255 [Worker-26: Building] INFO  o.a.m.s.f.DefaultMavenResourcesFiltering - Copying 0 resource
2022-12-16 18:13:54,258 [Worker-26: Building] INFO  o.a.m.s.f.DefaultMavenResourcesFiltering - skip non existing resourceDirectory D:\Mes Documents\EMSI\CY.ING.INF\5IIR\PFA\realisation\BackEnd v1\i-Foot\src\test\resources
2022-12-16 18:13:56,518 [Worker-40: Building] INFO  o.a.m.s.f.DefaultMavenResourcesFiltering - Copying 1 resource
2022-12-16 18:13:56,542 [Worker-40: Building] INFO  o.a.m.s.f.DefaultMavenResourcesFiltering - Copying 0 resource
2022-12-16 18:13:56,544 [Worker-40: Building] INFO  o.a.m.s.f.DefaultMavenResourcesFiltering - skip non existing resourceDirectory D:\Mes Documents\EMSI\CY.ING.INF\5IIR\PFA\realisation\BackEnd v1\i-Foot\src\test\resources
2022-12-16 18:16:42,011 [Worker-48: Building] INFO  o.a.m.s.f.DefaultMavenResourcesFiltering - Copying 1 resource
2022-12-16 18:16:42,019 [Worker-48: Building] INFO  o.a.m.s.f.DefaultMavenResourcesFiltering - Copying 0 resource
2022-12-16 18:16:42,021 [Worker-48: Building] INFO  o.a.m.s.f.DefaultMavenResourcesFiltering - skip non existing resourceDirectory D:\Mes Documents\EMSI\CY.ING.INF\5IIR\PFA\realisation\BackEnd v1\i-Foot\src\test\resources
2022-12-16 18:17:53,977 [Worker-50: Building] INFO  o.a.m.s.f.DefaultMavenResourcesFiltering - Copying 1 resource
2022-12-16 18:17:53,988 [Worker-50: Building] INFO  o.a.m.s.f.DefaultMavenResourcesFiltering - Copying 0 resource
2022-12-16 18:17:53,992 [Worker-50: Building] INFO  o.a.m.s.f.DefaultMavenResourcesFiltering - skip non existing resourceDirectory D:\Mes Documents\EMSI\CY.ING.INF\5IIR\PFA\realisation\BackEnd v1\i-Foot\src\test\resources
2022-12-16 18:18:22,525 [Worker-49: Building] INFO  o.a.m.s.f.DefaultMavenResourcesFiltering - Copying 1 resource
2022-12-16 18:18:22,531 [Worker-49: Building] INFO  o.a.m.s.f.DefaultMavenResourcesFiltering - Copying 0 resource
2022-12-16 18:18:22,534 [Worker-49: Building] INFO  o.a.m.s.f.DefaultMavenResourcesFiltering - skip non existing resourceDirectory D:\Mes Documents\EMSI\CY.ING.INF\5IIR\PFA\realisation\BackEnd v1\i-Foot\src\test\resources
2022-12-16 18:18:28,696 [Worker-50: Building] INFO  o.a.m.s.f.DefaultMavenResourcesFiltering - Copying 1 resource
2022-12-16 18:18:28,704 [Worker-50: Building] INFO  o.a.m.s.f.DefaultMavenResourcesFiltering - Copying 0 resource
2022-12-16 18:18:28,708 [Worker-50: Building] INFO  o.a.m.s.f.DefaultMavenResourcesFiltering - skip non existing resourceDirectory D:\Mes Documents\EMSI\CY.ING.INF\5IIR\PFA\realisation\BackEnd v1\i-Foot\src\test\resources
2022-12-16 18:18:36,380 [Worker-44: Building] INFO  o.a.m.s.f.DefaultMavenResourcesFiltering - Copying 1 resource
2022-12-16 18:18:36,385 [Worker-44: Building] INFO  o.a.m.s.f.DefaultMavenResourcesFiltering - Copying 0 resource
2022-12-16 18:18:36,388 [Worker-44: Building] INFO  o.a.m.s.f.DefaultMavenResourcesFiltering - skip non existing resourceDirectory D:\Mes Documents\EMSI\CY.ING.INF\5IIR\PFA\realisation\BackEnd v1\i-Foot\src\test\resources
2022-12-16 18:18:40,738 [Worker-48: Building] INFO  o.a.m.s.f.DefaultMavenResourcesFiltering - Copying 1 resource
2022-12-16 18:18:40,744 [Worker-48: Building] INFO  o.a.m.s.f.DefaultMavenResourcesFiltering - Copying 0 resource
2022-12-16 18:18:40,747 [Worker-48: Building] INFO  o.a.m.s.f.DefaultMavenResourcesFiltering - skip non existing resourceDirectory D:\Mes Documents\EMSI\CY.ING.INF\5IIR\PFA\realisation\BackEnd v1\i-Foot\src\test\resources
2022-12-16 18:20:17,529 [Worker-51: Building] INFO  o.a.m.s.f.DefaultMavenResourcesFiltering - Copying 1 resource
2022-12-16 18:20:17,535 [Worker-51: Building] INFO  o.a.m.s.f.DefaultMavenResourcesFiltering - Copying 0 resource
2022-12-16 18:20:17,539 [Worker-51: Building] INFO  o.a.m.s.f.DefaultMavenResourcesFiltering - skip non existing resourceDirectory D:\Mes Documents\EMSI\CY.ING.INF\5IIR\PFA\realisation\BackEnd v1\i-Foot\src\test\resources
2022-12-16 18:27:58,068 [Worker-52: Building] INFO  o.e.m.c.i.l.LifecycleMappingFactory - Using org.eclipse.m2e.jdt.JarLifecycleMapping lifecycle mapping for MavenProject: ma.emsi:i-Foot:0.0.1-SNAPSHOT @ D:\Mes Documents\EMSI\CY.ING.INF\5IIR\PFA\realisation\BackEnd v1\i-Foot\pom.xml.
2022-12-16 18:27:59,502 [Worker-52: Building] INFO  o.a.m.s.f.DefaultMavenResourcesFiltering - Copying 0 resource
2022-12-16 18:27:59,502 [Worker-52: Building] INFO  o.a.m.s.f.DefaultMavenResourcesFiltering - Copying 0 resource
2022-12-16 18:27:59,505 [Worker-52: Building] INFO  o.a.m.s.f.DefaultMavenResourcesFiltering - skip non existing resourceDirectory D:\Mes Documents\EMSI\CY.ING.INF\5IIR\PFA\realisation\BackEnd v1\i-Foot\src\test\resources
2022-12-16 18:28:59,568 [Worker-55: Building] INFO  o.a.m.s.f.DefaultMavenResourcesFiltering - Copying 1 resource
2022-12-16 18:28:59,591 [Worker-55: Building] INFO  o.a.m.s.f.DefaultMavenResourcesFiltering - Copying 0 resource
2022-12-16 18:28:59,594 [Worker-55: Building] INFO  o.a.m.s.f.DefaultMavenResourcesFiltering - skip non existing resourceDirectory D:\Mes Documents\EMSI\CY.ING.INF\5IIR\PFA\realisation\BackEnd v1\i-Foot\src\test\resources
2022-12-16 18:29:45,773 [Worker-50: Building] INFO  o.e.m.c.i.l.LifecycleMappingFactory - Using org.eclipse.m2e.jdt.JarLifecycleMapping lifecycle mapping for MavenProject: ma.emsi:i-Foot:0.0.1-SNAPSHOT @ D:\Mes Documents\EMSI\CY.ING.INF\5IIR\PFA\realisation\BackEnd v1\i-Foot\pom.xml.
2022-12-16 18:29:47,009 [Worker-50: Building] INFO  o.a.m.s.f.DefaultMavenResourcesFiltering - Copying 0 resource
2022-12-16 18:29:47,011 [Worker-50: Building] INFO  o.a.m.s.f.DefaultMavenResourcesFiltering - Copying 0 resource
2022-12-16 18:29:47,016 [Worker-50: Building] INFO  o.a.m.s.f.DefaultMavenResourcesFiltering - skip non existing resourceDirectory D:\Mes Documents\EMSI\CY.ING.INF\5IIR\PFA\realisation\BackEnd v1\i-Foot\src\test\resources
2022-12-16 18:29:48,945 [Worker-53: Building] INFO  o.a.m.s.f.DefaultMavenResourcesFiltering - Copying 1 resource
2022-12-16 18:29:48,982 [Worker-53: Building] INFO  o.a.m.s.f.DefaultMavenResourcesFiltering - Copying 0 resource
2022-12-16 18:29:48,985 [Worker-53: Building] INFO  o.a.m.s.f.DefaultMavenResourcesFiltering - skip non existing resourceDirectory D:\Mes Documents\EMSI\CY.ING.INF\5IIR\PFA\realisation\BackEnd v1\i-Foot\src\test\resources
2022-12-16 18:31:00,002 [Worker-55: Building] INFO  o.e.m.c.i.l.LifecycleMappingFactory - Using org.eclipse.m2e.jdt.JarLifecycleMapping lifecycle mapping for MavenProject: ma.emsi:i-Foot:0.0.1-SNAPSHOT @ D:\Mes Documents\EMSI\CY.ING.INF\5IIR\PFA\realisation\BackEnd v1\i-Foot\pom.xml.
2022-12-16 18:31:00,703 [Worker-55: Building] INFO  o.a.m.s.f.DefaultMavenResourcesFiltering - Copying 0 resource
2022-12-16 18:31:00,703 [Worker-55: Building] INFO  o.a.m.s.f.DefaultMavenResourcesFiltering - Copying 0 resource
2022-12-16 18:31:00,707 [Worker-55: Building] INFO  o.a.m.s.f.DefaultMavenResourcesFiltering - skip non existing resourceDirectory D:\Mes Documents\EMSI\CY.ING.INF\5IIR\PFA\realisation\BackEnd v1\i-Foot\src\test\resources
2022-12-16 18:31:03,226 [Worker-52: Building] INFO  o.a.m.s.f.DefaultMavenResourcesFiltering - Copying 1 resource
2022-12-16 18:31:03,275 [Worker-52: Building] INFO  o.a.m.s.f.DefaultMavenResourcesFiltering - Copying 0 resource
2022-12-16 18:31:03,280 [Worker-52: Building] INFO  o.a.m.s.f.DefaultMavenResourcesFiltering - skip non existing resourceDirectory D:\Mes Documents\EMSI\CY.ING.INF\5IIR\PFA\realisation\BackEnd v1\i-Foot\src\test\resources
2022-12-16 18:34:55,190 [Worker-50: Building] INFO  o.e.m.c.i.l.LifecycleMappingFactory - Using org.eclipse.m2e.jdt.JarLifecycleMapping lifecycle mapping for MavenProject: ma.emsi:i-Foot:0.0.1-SNAPSHOT @ D:\Mes Documents\EMSI\CY.ING.INF\5IIR\PFA\realisation\BackEnd v1\i-Foot\pom.xml.
2022-12-16 18:34:56,090 [Worker-50: Building] INFO  o.a.m.s.f.DefaultMavenResourcesFiltering - Copying 0 resource
2022-12-16 18:34:56,090 [Worker-50: Building] INFO  o.a.m.s.f.DefaultMavenResourcesFiltering - Copying 0 resource
2022-12-16 18:34:56,096 [Worker-50: Building] INFO  o.a.m.s.f.DefaultMavenResourcesFiltering - skip non existing resourceDirectory D:\Mes Documents\EMSI\CY.ING.INF\5IIR\PFA\realisation\BackEnd v1\i-Foot\src\test\resources
2022-12-16 18:37:31,523 [Worker-55: Building] INFO  o.a.m.s.f.DefaultMavenResourcesFiltering - Copying 1 resource
2022-12-16 18:37:31,549 [Worker-55: Building] INFO  o.a.m.s.f.DefaultMavenResourcesFiltering - Copying 0 resource
2022-12-16 18:37:31,551 [Worker-55: Building] INFO  o.a.m.s.f.DefaultMavenResourcesFiltering - skip non existing resourceDirectory D:\Mes Documents\EMSI\CY.ING.INF\5IIR\PFA\realisation\BackEnd v1\i-Foot\src\test\resources
2022-12-16 18:41:59,034 [Worker-60: Building] INFO  o.a.m.s.f.DefaultMavenResourcesFiltering - Copying 1 resource
2022-12-16 18:41:59,044 [Worker-60: Building] INFO  o.a.m.s.f.DefaultMavenResourcesFiltering - Copying 0 resource
2022-12-16 18:41:59,046 [Worker-60: Building] INFO  o.a.m.s.f.DefaultMavenResourcesFiltering - skip non existing resourceDirectory D:\Mes Documents\EMSI\CY.ING.INF\5IIR\PFA\realisation\BackEnd v1\i-Foot\src\test\resources
2022-12-16 18:43:40,745 [Worker-52: Building] INFO  o.a.m.s.f.DefaultMavenResourcesFiltering - Copying 1 resource
2022-12-16 18:43:40,759 [Worker-52: Building] INFO  o.a.m.s.f.DefaultMavenResourcesFiltering - Copying 0 resource
2022-12-16 18:43:40,762 [Worker-52: Building] INFO  o.a.m.s.f.DefaultMavenResourcesFiltering - skip non existing resourceDirectory D:\Mes Documents\EMSI\CY.ING.INF\5IIR\PFA\realisation\BackEnd v1\i-Foot\src\test\resources
2022-12-16 18:45:19,402 [Worker-63: Building] INFO  o.a.m.s.f.DefaultMavenResourcesFiltering - Copying 1 resource
2022-12-16 18:45:19,429 [Worker-63: Building] INFO  o.a.m.s.f.DefaultMavenResourcesFiltering - Copying 0 resource
2022-12-16 18:45:19,432 [Worker-63: Building] INFO  o.a.m.s.f.DefaultMavenResourcesFiltering - skip non existing resourceDirectory D:\Mes Documents\EMSI\CY.ING.INF\5IIR\PFA\realisation\BackEnd v1\i-Foot\src\test\resources
2022-12-16 18:49:53,141 [Worker-59: Building] INFO  o.a.m.s.f.DefaultMavenResourcesFiltering - Copying 1 resource
2022-12-16 18:49:53,160 [Worker-59: Building] INFO  o.a.m.s.f.DefaultMavenResourcesFiltering - Copying 0 resource
2022-12-16 18:49:53,163 [Worker-59: Building] INFO  o.a.m.s.f.DefaultMavenResourcesFiltering - skip non existing resourceDirectory D:\Mes Documents\EMSI\CY.ING.INF\5IIR\PFA\realisation\BackEnd v1\i-Foot\src\test\resources
2022-12-16 18:52:46,730 [Worker-53: Building] INFO  o.a.m.s.f.DefaultMavenResourcesFiltering - Copying 1 resource
2022-12-16 18:52:46,741 [Worker-53: Building] INFO  o.a.m.s.f.DefaultMavenResourcesFiltering - Copying 0 resource
2022-12-16 18:52:46,743 [Worker-53: Building] INFO  o.a.m.s.f.DefaultMavenResourcesFiltering - skip non existing resourceDirectory D:\Mes Documents\EMSI\CY.ING.INF\5IIR\PFA\realisation\BackEnd v1\i-Foot\src\test\resources
2022-12-16 18:54:17,231 [Worker-70: Building] INFO  o.a.m.s.f.DefaultMavenResourcesFiltering - Copying 1 resource
2022-12-16 18:54:17,253 [Worker-70: Building] INFO  o.a.m.s.f.DefaultMavenResourcesFiltering - Copying 0 resource
2022-12-16 18:54:17,263 [Worker-70: Building] INFO  o.a.m.s.f.DefaultMavenResourcesFiltering - skip non existing resourceDirectory D:\Mes Documents\EMSI\CY.ING.INF\5IIR\PFA\realisation\BackEnd v1\i-Foot\src\test\resources
2022-12-16 18:55:09,644 [Worker-70: Building] INFO  o.a.m.s.f.DefaultMavenResourcesFiltering - Copying 1 resource
2022-12-16 18:55:09,655 [Worker-70: Building] INFO  o.a.m.s.f.DefaultMavenResourcesFiltering - Copying 0 resource
2022-12-16 18:55:09,657 [Worker-70: Building] INFO  o.a.m.s.f.DefaultMavenResourcesFiltering - skip non existing resourceDirectory D:\Mes Documents\EMSI\CY.ING.INF\5IIR\PFA\realisation\BackEnd v1\i-Foot\src\test\resources
2022-12-16 18:55:38,668 [Worker-69: Building] INFO  o.a.m.s.f.DefaultMavenResourcesFiltering - Copying 1 resource
2022-12-16 18:55:38,688 [Worker-69: Building] INFO  o.a.m.s.f.DefaultMavenResourcesFiltering - Copying 0 resource
2022-12-16 18:55:38,692 [Worker-69: Building] INFO  o.a.m.s.f.DefaultMavenResourcesFiltering - skip non existing resourceDirectory D:\Mes Documents\EMSI\CY.ING.INF\5IIR\PFA\realisation\BackEnd v1\i-Foot\src\test\resources
2022-12-16 18:56:01,608 [Worker-53: Building] INFO  o.a.m.s.f.DefaultMavenResourcesFiltering - Copying 1 resource
2022-12-16 18:56:01,619 [Worker-53: Building] INFO  o.a.m.s.f.DefaultMavenResourcesFiltering - Copying 0 resource
2022-12-16 18:56:01,622 [Worker-53: Building] INFO  o.a.m.s.f.DefaultMavenResourcesFiltering - skip non existing resourceDirectory D:\Mes Documents\EMSI\CY.ING.INF\5IIR\PFA\realisation\BackEnd v1\i-Foot\src\test\resources
2022-12-16 18:57:54,750 [Worker-5: Loading available Gradle versions] INFO  o.e.b.c.i.u.g.PublishedGradleVersions - Gradle version information cache is up-to-date. Trying to read.
2022-12-16 19:10:35,989 [Worker-13: Building] INFO  o.a.m.s.f.DefaultMavenResourcesFiltering - Copying 1 resource
2022-12-16 19:10:36,045 [Worker-13: Building] INFO  o.a.m.s.f.DefaultMavenResourcesFiltering - Copying 0 resource
2022-12-16 19:10:36,052 [Worker-13: Building] INFO  o.a.m.s.f.DefaultMavenResourcesFiltering - skip non existing resourceDirectory D:\Mes Documents\EMSI\CY.ING.INF\5IIR\PFA\realisation\BackEnd v1\i-Foot\src\test\resources
2022-12-16 19:11:27,507 [Worker-11: Building] INFO  o.a.m.s.f.DefaultMavenResourcesFiltering - Copying 1 resource
2022-12-16 19:11:27,514 [Worker-11: Building] INFO  o.a.m.s.f.DefaultMavenResourcesFiltering - Copying 0 resource
2022-12-16 19:11:27,519 [Worker-11: Building] INFO  o.a.m.s.f.DefaultMavenResourcesFiltering - skip non existing resourceDirectory D:\Mes Documents\EMSI\CY.ING.INF\5IIR\PFA\realisation\BackEnd v1\i-Foot\src\test\resources
